<?xml version="1.0" encoding="UTF-8"?>
<!-- Generated by org.testng.reporters.JUnitReportReporter -->
<testsuite hostname="LAPTOP-UK6M7KPC" failures="0" tests="1" name="pages.HomePageTest" time="19.755" errors="0" timestamp="2023-08-08T21:36:38 EDT" skipped="0">
  <testcase classname="pages.HomePageTest" name="clickLogoTest" time="19.755"/>
</testsuite> <!-- pages.HomePageTest -->
